0 info it worked if it ends with ok
1 verbose cli [ 'node', '/usr/local/bin/npm', 'install', '–g', 'express' ]
2 info using npm@2.12.1
3 info using node@v0.12.7
4 verbose node symlink /usr/local/bin/node
5 verbose install initial load of /Users/maomao/WebstormProjects/angularjs/http/package.json
6 warn package.json application-name@0.0.1 No description
7 warn package.json application-name@0.0.1 No repository field.
8 warn package.json application-name@0.0.1 No README data
9 warn package.json application-name@0.0.1 No license field.
10 verbose installManyTop reading scoped package data from /Users/maomao/WebstormProjects/angularjs/http/node_modules/express/package.json
11 verbose readDependencies loading dependencies from /Users/maomao/WebstormProjects/angularjs/http/package.json
12 silly cache add args [ '–g', null ]
13 verbose cache add spec –g
14 verbose install express is installed as 3.21.2
15 silly cache add args [ 'express@3.x', null ]
16 verbose cache add spec express@3.x
17 silly cache add parsed spec { raw: 'express@3.x',
17 silly cache add   scope: null,
17 silly cache add   name: 'express',
17 silly cache add   rawSpec: '3.x',
17 silly cache add   spec: '>=3.0.0 <4.0.0',
17 silly cache add   type: 'range' }
18 silly addNamed express@>=3.0.0 <4.0.0
19 verbose addNamed ">=3.0.0 <4.0.0" is a valid semver range for express
20 silly addNameRange { name: 'express', range: '>=3.0.0 <4.0.0', hasData: false }
21 silly mapToRegistry name express
22 silly mapToRegistry using default registry
23 silly mapToRegistry registry https://registry.npmjs.org/
24 silly mapToRegistry uri https://registry.npmjs.org/express
25 verbose addNameRange registry:https://registry.npmjs.org/express not in flight; fetching
26 silly cache add parsed spec { raw: '–g',
26 silly cache add   scope: null,
26 silly cache add   name: null,
26 silly cache add   rawSpec: '–g',
26 silly cache add   spec: '/Users/maomao/WebstormProjects/angularjs/http/–g',
26 silly cache add   type: 'local' }
27 error addLocal Could not install /Users/maomao/WebstormProjects/angularjs/http/–g
28 verbose request uri https://registry.npmjs.org/express
29 verbose request no auth needed
30 info attempt registry request try #1 at 19:54:35
31 verbose request id c7b97ac3257d42e5
32 verbose etag "AOYRLQ3YLDEJ2CGUNLA5F5V2G"
33 http request GET https://registry.npmjs.org/express
34 http 304 https://registry.npmjs.org/express
35 silly get cb [ 304,
35 silly get   { date: 'Sun, 18 Oct 2015 11:54:35 GMT',
35 silly get     via: '1.1 varnish',
35 silly get     'cache-control': 'max-age=60',
35 silly get     etag: '"AOYRLQ3YLDEJ2CGUNLA5F5V2G"',
35 silly get     age: '55',
35 silly get     connection: 'keep-alive',
35 silly get     'x-served-by': 'cache-nrt6131-NRT',
35 silly get     'x-cache': 'HIT',
35 silly get     'x-cache-hits': '1',
35 silly get     'x-timer': 'S1445169275.639590,VS0,VE4',
35 silly get     vary: 'Accept' } ]
36 verbose etag https://registry.npmjs.org/express from cache
37 verbose get saving express to /Users/maomao/.npm/registry.npmjs.org/express/.cache.json
38 silly addNameRange number 2 { name: 'express', range: '>=3.0.0 <4.0.0', hasData: true }
39 silly addNameRange versions [ 'express',
39 silly addNameRange   [ '0.14.0',
39 silly addNameRange     '0.14.1',
39 silly addNameRange     '1.0.0',
39 silly addNameRange     '1.0.1',
39 silly addNameRange     '1.0.2',
39 silly addNameRange     '1.0.3',
39 silly addNameRange     '1.0.4',
39 silly addNameRange     '1.0.5',
39 silly addNameRange     '1.0.6',
39 silly addNameRange     '1.0.7',
39 silly addNameRange     '1.0.8',
39 silly addNameRange     '2.0.0',
39 silly addNameRange     '2.1.0',
39 silly addNameRange     '2.1.1',
39 silly addNameRange     '2.2.0',
39 silly addNameRange     '2.2.1',
39 silly addNameRange     '2.2.2',
39 silly addNameRange     '2.3.0',
39 silly addNameRange     '2.3.1',
39 silly addNameRange     '2.3.2',
39 silly addNameRange     '2.3.3',
39 silly addNameRange     '2.3.4',
39 silly addNameRange     '2.3.5',
39 silly addNameRange     '2.3.6',
39 silly addNameRange     '2.3.7',
39 silly addNameRange     '2.3.8',
39 silly addNameRange     '2.3.9',
39 silly addNameRange     '2.3.10',
39 silly addNameRange     '2.3.11',
39 silly addNameRange     '2.3.12',
39 silly addNameRange     '2.4.0',
39 silly addNameRange     '2.4.1',
39 silly addNameRange     '2.4.2',
39 silly addNameRange     '2.4.3',
39 silly addNameRange     '2.4.4',
39 silly addNameRange     '2.4.5',
39 silly addNameRange     '2.4.6',
39 silly addNameRange     '2.4.7',
39 silly addNameRange     '2.5.0',
39 silly addNameRange     '2.5.1',
39 silly addNameRange     '2.5.2',
39 silly addNameRange     '2.5.3',
39 silly addNameRange     '2.5.4',
39 silly addNameRange     '2.5.5',
39 silly addNameRange     '2.5.6',
39 silly addNameRange     '2.5.7',
39 silly addNameRange     '2.5.8',
39 silly addNameRange     '2.5.9',
39 silly addNameRange     '2.5.10',
39 silly addNameRange     '2.5.11',
39 silly addNameRange     '3.0.0',
39 silly addNameRange     '3.0.1',
39 silly addNameRange     '3.0.2',
39 silly addNameRange     '3.0.3',
39 silly addNameRange     '3.0.4',
39 silly addNameRange     '3.0.5',
39 silly addNameRange     '3.0.6',
39 silly addNameRange     '3.1.0',
39 silly addNameRange     '3.1.1',
39 silly addNameRange     '3.1.2',
39 silly addNameRange     '3.2.0',
39 silly addNameRange     '3.2.1',
39 silly addNameRange     '3.2.2',
39 silly addNameRange     '3.2.3',
39 silly addNameRange     '3.2.4',
39 silly addNameRange     '3.2.5',
39 silly addNameRange     '3.2.6',
39 silly addNameRange     '3.3.0',
39 silly addNameRange     '3.3.1',
39 silly addNameRange     '3.3.2',
39 silly addNameRange     '3.3.3',
39 silly addNameRange     '3.3.4',
39 silly addNameRange     '3.3.5',
39 silly addNameRange     '3.3.6',
39 silly addNameRange     '1.0.0-beta',
39 silly addNameRange     '1.0.0-beta2',
39 silly addNameRange     '1.0.0-rc',
39 silly addNameRange     '1.0.0-rc2',
39 silly addNameRange     '1.0.0-rc3',
39 silly addNameRange     '1.0.0-rc4',
39 silly addNameRange     '2.0.0-beta',
39 silly addNameRange     '2.0.0-beta2',
39 silly addNameRange     '2.0.0-beta3',
39 silly addNameRange     '2.0.0-rc',
39 silly addNameRange     '2.0.0-rc2',
39 silly addNameRange     '2.0.0-rc3',
39 silly addNameRange     '3.0.0-alpha1',
39 silly addNameRange     '3.0.0-alpha2',
39 silly addNameRange     '3.0.0-alpha3',
39 silly addNameRange     '3.0.0-alpha4',
39 silly addNameRange     '3.0.0-alpha5',
39 silly addNameRange     '3.0.0-beta1',
39 silly addNameRange     '3.0.0-beta2',
39 silly addNameRange     '3.0.0-beta3',
39 silly addNameRange     '3.0.0-beta4',
39 silly addNameRange     '3.0.0-beta6',
39 silly addNameRange     '3.0.0-beta7',
39 silly addNameRange     '3.0.0-rc1',
39 silly addNameRange     '3.0.0-rc2',
39 silly addNameRange     '3.0.0-rc3',
39 silly addNameRange     '3.0.0-rc4',
39 silly addNameRange     '3.0.0-rc5',
39 silly addNameRange     '3.3.7',
39 silly addNameRange     '3.3.8',
39 silly addNameRange     '3.4.0',
39 silly addNameRange     '3.4.1',
39 silly addNameRange     '3.4.2',
39 silly addNameRange     '3.4.3',
39 silly addNameRange     '3.4.4',
39 silly addNameRange     '3.4.5',
39 silly addNameRange     '3.4.6',
39 silly addNameRange     '3.4.7',
39 silly addNameRange     '3.4.8',
39 silly addNameRange     '4.0.0-rc1',
39 silly addNameRange     '4.0.0-rc2',
39 silly addNameRange     '3.5.0',
39 silly addNameRange     '4.0.0-rc3',
39 silly addNameRange     '4.0.0-rc4',
39 silly addNameRange     '3.5.1',
39 silly addNameRange     '4.0.0',
39 silly addNameRange     '3.5.2',
39 silly addNameRange     '4.1.0',
39 silly addNameRange     '4.1.1',
39 silly addNameRange     '3.5.3',
39 silly addNameRange     '4.1.2',
39 silly addNameRange     '3.6.0',
39 silly addNameRange     '4.2.0',
39 silly addNameRange     '3.7.0',
39 silly addNameRange     '3.8.0',
39 silly addNameRange     '4.3.0',
39 silly addNameRange     '4.3.1',
39 silly addNameRange     '3.8.1',
39 silly addNameRange     '4.3.2',
39 silly addNameRange     '3.9.0',
39 silly addNameRange     '4.4.0',
39 silly addNameRange     '4.4.1',
39 silly addNameRange     '3.10.0',
39 silly addNameRange     '3.10.1',
39 silly addNameRange     '3.10.2',
39 silly addNameRange     '3.10.3',
39 silly addNameRange     '3.10.4',
39 silly addNameRange     '4.4.2',
39 silly addNameRange     '3.10.5',
39 silly addNameRange     '4.4.3',
39 silly addNameRange     '3.11.0',
39 silly addNameRange     '4.4.4',
39 silly addNameRange     '3.12.0',
39 silly addNameRange     '3.12.1',
39 silly addNameRange     '4.4.5',
39 silly addNameRange     '3.13.0',
39 silly addNameRange     '4.5.0',
39 silly addNameRange     '4.5.1',
39 silly addNameRange     '3.14.0',
39 silly addNameRange     '4.6.0',
39 silly addNameRange     '4.6.1',
39 silly addNameRange     '3.15.0',
39 silly addNameRange     '4.7.0',
39 silly addNameRange     '3.15.1',
39 silly addNameRange     '4.7.1',
39 silly addNameRange     '3.15.2',
39 silly addNameRange     '4.7.2',
39 silly addNameRange     '4.7.3',
39 silly addNameRange     '3.15.3',
39 silly addNameRange     '4.7.4',
39 silly addNameRange     '3.16.0',
39 silly addNameRange     '4.8.0',
39 silly addNameRange     '3.16.1',
39 silly addNameRange     '4.8.1',
39 silly addNameRange     '3.16.2',
39 silly addNameRange     '4.8.2',
39 silly addNameRange     '3.16.3',
39 silly addNameRange     '3.16.4',
39 silly addNameRange     '4.8.3',
39 silly addNameRange     '3.16.5',
39 silly addNameRange     '3.16.6',
39 silly addNameRange     '4.8.4',
39 silly addNameRange     '3.16.7',
39 silly addNameRange     '4.8.5',
39 silly addNameRange     '3.16.8',
39 silly addNameRange     '4.8.6',
39 silly addNameRange     '3.16.9',
39 silly addNameRange     '4.8.7',
39 silly addNameRange     '3.16.10',
39 silly addNameRange     '4.8.8',
39 silly addNameRange     '3.17.0',
39 silly addNameRange     '3.17.1',
39 silly addNameRange     '4.9.0',
39 silly addNameRange     '3.17.2',
39 silly addNameRange     '4.9.1',
39 silly addNameRange     '4.9.2',
39 silly addNameRange     '3.17.3',
39 silly addNameRange     '4.9.3',
39 silly addNameRange     '3.17.4',
39 silly addNameRange     '4.9.4',
39 silly addNameRange     '3.17.5',
39 silly addNameRange     '4.9.5',
39 silly addNameRange     '3.17.6',
39 silly addNameRange     '3.17.7',
39 silly addNameRange     '4.9.6',
39 silly addNameRange     '4.9.7',
39 silly addNameRange     '3.17.8',
39 silly addNameRange     '4.9.8',
39 silly addNameRange     '3.18.0',
39 silly addNameRange     '3.18.1',
39 silly addNameRange     '4.10.0',
39 silly addNameRange     '3.18.2',
39 silly addNameRange     '4.10.1',
39 silly addNameRange     '5.0.0-alpha.1',
39 silly addNameRange     '3.18.3',
39 silly addNameRange     '4.10.2',
39 silly addNameRange     '3.18.4',
39 silly addNameRange     '4.10.3',
39 silly addNameRange     '4.10.4',
39 silly addNameRange     '4.10.5',
39 silly addNameRange     '3.18.5',
39 silly addNameRange     '3.18.6',
39 silly addNameRange     '4.10.6',
39 silly addNameRange     '4.10.7',
39 silly addNameRange     '3.19.0',
39 silly addNameRange     '4.10.8',
39 silly addNameRange     '4.11.0',
39 silly addNameRange     '3.19.1',
39 silly addNameRange     '4.11.1',
39 silly addNameRange     '3.19.2',
39 silly addNameRange     '4.11.2',
39 silly addNameRange     '3.20.0',
39 silly addNameRange     '4.12.0',
39 silly addNameRange     '3.20.1',
39 silly addNameRange     '4.12.1',
39 silly addNameRange     '4.12.2',
39 silly addNameRange     '3.20.2',
39 silly addNameRange     '4.12.3',
39 silly addNameRange     '3.20.3',
39 silly addNameRange     '4.12.4',
39 silly addNameRange     '3.21.0',
39 silly addNameRange     '4.13.0',
39 silly addNameRange     '3.21.1',
39 silly addNameRange     '4.13.1',
39 silly addNameRange     '5.0.0-alpha.2',
39 silly addNameRange     '3.21.2',
39 silly addNameRange     '4.13.2',
39 silly addNameRange     '4.13.3' ] ]
40 silly addNamed express@3.21.2
41 verbose addNamed "3.21.2" is a plain semver version for express
42 silly cache afterAdd express@3.21.2
43 verbose afterAdd /Users/maomao/.npm/express/3.21.2/package/package.json not in flight; writing
44 verbose afterAdd /Users/maomao/.npm/express/3.21.2/package/package.json written
45 verbose stack Error: ENOENT, open '/Users/maomao/WebstormProjects/angularjs/http/–g'
45 verbose stack     at Error (native)
46 verbose cwd /Users/maomao/WebstormProjects/angularjs/http
47 error Darwin 14.5.0
48 error argv "node" "/usr/local/bin/npm" "install" "–g" "express"
49 error node v0.12.7
50 error npm  v2.12.1
51 error path /Users/maomao/WebstormProjects/angularjs/http/–g
52 error code ENOENT
53 error errno -2
54 error enoent ENOENT, open '/Users/maomao/WebstormProjects/angularjs/http/–g'
54 error enoent This is most likely not a problem with npm itself
54 error enoent and is related to npm not being able to find a file.
55 verbose exit [ -2, true ]
